# JRE version: OpenJDK Runtime Environment Temurin-21.0.8+9 (21.0.8+9) (build 21.0.8+9-LTS)
# Java VM: OpenJDK 64-Bit Server VM Temurin-21.0.8+9 (21.0.8+9-LTS, mixed mode, sharing, tiered, compressed oops, compressed class ptrs, parallel gc, windows-amd64)
GC Precious Log:
 CardTable entry size: 512
 CPUs: 8 total, 8 available
 Memory: 8029M
 Large Page Support: Disabled
 NUMA Support: Disabled
 Compressed Oops: Enabled (32-bit)
 Alignments: Space 512K, Generation 512K, Heap 2M
 Heap Min Capacity: 100M
 Heap Initial Capacity: 100M
 Heap Max Capacity: 2G
 Pre-touch: Disabled
 Parallel Workers: 8
Heap:
 PSYoungGen      total 4096K, used 911K [0x00000000d5580000, 0x00000000d5a00000, 0x0000000100000000)
  eden space 3584K, 14% used [0x00000000d5580000,0x00000000d5603c40,0x00000000d5900000)
  from space 512K, 75% used [0x00000000d5980000,0x00000000d59e0000,0x00000000d5a00000)
  to   space 512K, 0% used [0x00000000d5900000,0x00000000d5900000,0x00000000d5980000)
 ParOldGen       total 445952K, used 445669K [0x0000000080000000, 0x000000009b380000, 0x00000000d5580000)
  object space 445952K, 99% used [0x0000000080000000,0x000000009b339550,0x000000009b380000)
 Metaspace       used 65232K, committed 66752K, reserved 1114112K
  class space    used 6677K, committed 7360K, reserved 1048576K
GC Heap History (20 events):
Event: 48.964 GC heap after
{Heap after GC invocations=686 (full 3):
 PSYoungGen      total 4096K, used 418K [0x00000000d5580000, 0x00000000d5a00000, 0x0000000100000000)
  eden space 3584K, 0% used [0x00000000d5580000,0x00000000d5580000,0x00000000d5900000)
  from space 512K, 81% used [0x00000000d5900000,0x00000000d59688a8,0x00000000d5980000)
  to   space 512K, 0% used [0x00000000d5980000,0x00000000d5980000,0x00000000d5a00000)
 ParOldGen       total 442368K, used 441917K [0x0000000080000000, 0x000000009b000000, 0x00000000d5580000)
  object space 442368K, 99% used [0x0000000080000000,0x000000009af8f528,0x000000009b000000)
 Metaspace       used 65221K, committed 66752K, reserved 1114112K
  class space    used 6677K, committed 7360K, reserved 1048576K
}
Event: 48.977 GC heap before
{Heap before GC invocations=687 (full 3):
 PSYoungGen      total 4096K, used 4002K [0x00000000d5580000, 0x00000000d5a00000, 0x0000000100000000)
  eden space 3584K, 100% used [0x00000000d5580000,0x00000000d5900000,0x00000000d5900000)
  from space 512K, 81% used [0x00000000d5900000,0x00000000d59688a8,0x00000000d5980000)
  to   space 512K, 0% used [0x00000000d5980000,0x00000000d5980000,0x00000000d5a00000)
 ParOldGen       total 442368K, used 441917K [0x0000000080000000, 0x000000009b000000, 0x00000000d5580000)
  object space 442368K, 99% used [0x0000000080000000,0x000000009af8f528,0x000000009b000000)
 Metaspace       used 65223K, committed 66752K, reserved 1114112K
  class space    used 6677K, committed 7360K, reserved 1048576K
}
Event: 48.979 GC heap after
{Heap after GC invocations=687 (full 3):
 PSYoungGen      total 4096K, used 420K [0x00000000d5580000, 0x00000000d5a00000, 0x0000000100000000)
  eden space 3584K, 0% used [0x00000000d5580000,0x00000000d5580000,0x00000000d5900000)
  from space 512K, 82% used [0x00000000d5980000,0x00000000d59e91f8,0x00000000d5a00000)
  to   space 512K, 0% used [0x00000000d5900000,0x00000000d5900000,0x00000000d5980000)
 ParOldGen       total 442368K, used 442133K [0x0000000080000000, 0x000000009b000000, 0x00000000d5580000)
  object space 442368K, 99% used [0x0000000080000000,0x000000009afc5528,0x000000009b000000)
 Metaspace       used 65223K, committed 66752K, reserved 1114112K
  class space    used 6677K, committed 7360K, reserved 1048576K
}
Event: 48.990 GC heap before
{Heap before GC invocations=688 (full 3):
 PSYoungGen      total 4096K, used 4004K [0x00000000d5580000, 0x00000000d5a00000, 0x0000000100000000)
  eden space 3584K, 100% used [0x00000000d5580000,0x00000000d5900000,0x00000000d5900000)
  from space 512K, 82% used [0x00000000d5980000,0x00000000d59e91f8,0x00000000d5a00000)
  to   space 512K, 0% used [0x00000000d5900000,0x00000000d5900000,0x00000000d5980000)
 ParOldGen       total 442368K, used 442133K [0x0000000080000000, 0x000000009b000000, 0x00000000d5580000)
  object space 442368K, 99% used [0x0000000080000000,0x000000009afc5528,0x000000009b000000)
 Metaspace       used 65223K, committed 66752K, reserved 1114112K
  class space    used 6677K, committed 7360K, reserved 1048576K
}
Event: 48.992 GC heap after
{Heap after GC invocations=688 (full 3):
 PSYoungGen      total 4096K, used 192K [0x00000000d5580000, 0x00000000d5a00000, 0x0000000100000000)
  eden space 3584K, 0% used [0x00000000d5580000,0x00000000d5580000,0x00000000d5900000)
  from space 512K, 37% used [0x00000000d5900000,0x00000000d5930000,0x00000000d5980000)
  to   space 512K, 0% used [0x00000000d5980000,0x00000000d5980000,0x00000000d5a00000)
 ParOldGen       total 442880K, used 442483K [0x0000000080000000, 0x000000009b080000, 0x00000000d5580000)
  object space 442880K, 99% used [0x0000000080000000,0x000000009b01cee8,0x000000009b080000)
 Metaspace       used 65223K, committed 66752K, reserved 1114112K
  class space    used 6677K, committed 7360K, reserved 1048576K
}
Event: 49.003 GC heap before
{Heap before GC invocations=689 (full 3):
 PSYoungGen      total 4096K, used 3776K [0x00000000d5580000, 0x00000000d5a00000, 0x0000000100000000)
  eden space 3584K, 100% used [0x00000000d5580000,0x00000000d5900000,0x00000000d5900000)
  from space 512K, 37% used [0x00000000d5900000,0x00000000d5930000,0x00000000d5980000)
  to   space 512K, 0% used [0x00000000d5980000,0x00000000d5980000,0x00000000d5a00000)
 ParOldGen       total 442880K, used 442483K [0x0000000080000000, 0x000000009b080000, 0x00000000d5580000)
  object space 442880K, 99% used [0x0000000080000000,0x000000009b01cee8,0x000000009b080000)
 Metaspace       used 65223K, committed 66752K, reserved 1114112K
  class space    used 6677K, committed 7360K, reserved 1048576K
}
Event: 49.005 GC heap after
{Heap after GC invocations=689 (full 3):
 PSYoungGen      total 4096K, used 448K [0x00000000d5580000, 0x00000000d5a00000, 0x0000000100000000)
  eden space 3584K, 0% used [0x00000000d5580000,0x00000000d5580000,0x00000000d5900000)
  from space 512K, 87% used [0x00000000d5980000,0x00000000d59f0000,0x00000000d5a00000)
  to   space 512K, 0% used [0x00000000d5900000,0x00000000d5900000,0x00000000d5980000)
 ParOldGen       total 442880K, used 442667K [0x0000000080000000, 0x000000009b080000, 0x00000000d5580000)
  object space 442880K, 99% used [0x0000000080000000,0x000000009b04aee8,0x000000009b080000)
 Metaspace       used 65223K, committed 66752K, reserved 1114112K
  class space    used 6677K, committed 7360K, reserved 1048576K
}
Event: 49.012 GC heap before
{Heap before GC invocations=690 (full 3):
 PSYoungGen      total 4096K, used 4032K [0x00000000d5580000, 0x00000000d5a00000, 0x0000000100000000)
  eden space 3584K, 100% used [0x00000000d5580000,0x00000000d5900000,0x00000000d5900000)
  from space 512K, 87% used [0x00000000d5980000,0x00000000d59f0000,0x00000000d5a00000)
  to   space 512K, 0% used [0x00000000d5900000,0x00000000d5900000,0x00000000d5980000)
 ParOldGen       total 442880K, used 442667K [0x0000000080000000, 0x000000009b080000, 0x00000000d5580000)
  object space 442880K, 99% used [0x0000000080000000,0x000000009b04aee8,0x000000009b080000)
 Metaspace       used 65223K, committed 66752K, reserved 1114112K
  class space    used 6677K, committed 7360K, reserved 1048576K
}
Event: 49.014 GC heap after
{Heap after GC invocations=690 (full 3):
 PSYoungGen      total 4096K, used 368K [0x00000000d5580000, 0x00000000d5a00000, 0x0000000100000000)
  eden space 3584K, 0% used [0x00000000d5580000,0x00000000d5580000,0x00000000d5900000)
  from space 512K, 72% used [0x00000000d5900000,0x00000000d595c3c0,0x00000000d5980000)
  to   space 512K, 0% used [0x00000000d5980000,0x00000000d5980000,0x00000000d5a00000)
 ParOldGen       total 443392K, used 442891K [0x0000000080000000, 0x000000009b100000, 0x00000000d5580000)
  object space 443392K, 99% used [0x0000000080000000,0x000000009b082ee8,0x000000009b100000)
 Metaspace       used 65223K, committed 66752K, reserved 1114112K
  class space    used 6677K, committed 7360K, reserved 1048576K
}
Event: 49.022 GC heap before
{Heap before GC invocations=691 (full 3):
 PSYoungGen      total 4096K, used 3942K [0x00000000d5580000, 0x00000000d5a00000, 0x0000000100000000)
  eden space 3584K, 99% used [0x00000000d5580000,0x00000000d58fd770,0x00000000d5900000)
  from space 512K, 72% used [0x00000000d5900000,0x00000000d595c3c0,0x00000000d5980000)
  to   space 512K, 0% used [0x00000000d5980000,0x00000000d5980000,0x00000000d5a00000)
 ParOldGen       total 443392K, used 442891K [0x0000000080000000, 0x000000009b100000, 0x00000000d5580000)
  object space 443392K, 99% used [0x0000000080000000,0x000000009b082ee8,0x000000009b100000)
 Metaspace       used 65223K, committed 66752K, reserved 1114112K
  class space    used 6677K, committed 7360K, reserved 1048576K
}
Event: 49.024 GC heap after
{Heap after GC invocations=691 (full 3):
 PSYoungGen      total 4096K, used 429K [0x00000000d5580000, 0x00000000d5a00000, 0x0000000100000000)
  eden space 3584K, 0% used [0x00000000d5580000,0x00000000d5580000,0x00000000d5900000)
  from space 512K, 83% used [0x00000000d5980000,0x00000000d59eb770,0x00000000d5a00000)
  to   space 512K, 0% used [0x00000000d5900000,0x00000000d5900000,0x00000000d5980000)
 ParOldGen       total 443392K, used 443051K [0x0000000080000000, 0x000000009b100000, 0x00000000d5580000)
  object space 443392K, 99% used [0x0000000080000000,0x000000009b0aaee8,0x000000009b100000)
 Metaspace       used 65223K, committed 66752K, reserved 1114112K
  class space    used 6677K, committed 7360K, reserved 1048576K
}
Event: 49.034 GC heap before
{Heap before GC invocations=692 (full 3):
 PSYoungGen      total 4096K, used 4013K [0x00000000d5580000, 0x00000000d5a00000, 0x0000000100000000)
  eden space 3584K, 100% used [0x00000000d5580000,0x00000000d5900000,0x00000000d5900000)
  from space 512K, 83% used [0x00000000d5980000,0x00000000d59eb770,0x00000000d5a00000)
  to   space 512K, 0% used [0x00000000d5900000,0x00000000d5900000,0x00000000d5980000)
 ParOldGen       total 443392K, used 443051K [0x0000000080000000, 0x000000009b100000, 0x00000000d5580000)
  object space 443392K, 99% used [0x0000000080000000,0x000000009b0aaee8,0x000000009b100000)
 Metaspace       used 65226K, committed 66752K, reserved 1114112K
  class space    used 6677K, committed 7360K, reserved 1048576K
}
Event: 49.036 GC heap after
{Heap after GC invocations=692 (full 3):
 PSYoungGen      total 4096K, used 427K [0x00000000d5580000, 0x00000000d5a00000, 0x0000000100000000)
  eden space 3584K, 0% used [0x00000000d5580000,0x00000000d5580000,0x00000000d5900000)
  from space 512K, 83% used [0x00000000d5900000,0x00000000d596af58,0x00000000d5980000)
  to   space 512K, 0% used [0x00000000d5980000,0x00000000d5980000,0x00000000d5a00000)
 ParOldGen       total 443392K, used 443235K [0x0000000080000000, 0x000000009b100000, 0x00000000d5580000)
  object space 443392K, 99% used [0x0000000080000000,0x000000009b0d8ee8,0x000000009b100000)
 Metaspace       used 65226K, committed 66752K, reserved 1114112K
  class space    used 6677K, committed 7360K, reserved 1048576K
}
Event: 49.045 GC heap before
{Heap before GC invocations=693 (full 3):
 PSYoungGen      total 4096K, used 4011K [0x00000000d5580000, 0x00000000d5a00000, 0x0000000100000000)
  eden space 3584K, 100% used [0x00000000d5580000,0x00000000d5900000,0x00000000d5900000)
  from space 512K, 83% used [0x00000000d5900000,0x00000000d596af58,0x00000000d5980000)
  to   space 512K, 0% used [0x00000000d5980000,0x00000000d5980000,0x00000000d5a00000)
 ParOldGen       total 443392K, used 443235K [0x0000000080000000, 0x000000009b100000, 0x00000000d5580000)
  object space 443392K, 99% used [0x0000000080000000,0x000000009b0d8ee8,0x000000009b100000)
 Metaspace       used 65232K, committed 66752K, reserved 1114112K
  class space    used 6677K, committed 7360K, reserved 1048576K
}
Event: 49.049 GC heap after
{Heap after GC invocations=693 (full 3):
 PSYoungGen      total 4096K, used 396K [0x00000000d5580000, 0x00000000d5b00000, 0x0000000100000000)
  eden space 3584K, 0% used [0x00000000d5580000,0x00000000d5580000,0x00000000d5900000)
  from space 512K, 77% used [0x00000000d5980000,0x00000000d59e3008,0x00000000d5a00000)
  to   space 512K, 0% used [0x00000000d5900000,0x00000000d5900000,0x00000000d5980000)
 ParOldGen       total 443904K, used 443548K [0x0000000080000000, 0x000000009b180000, 0x00000000d5580000)
  object space 443904K, 99% used [0x0000000080000000,0x000000009b127108,0x000000009b180000)
 Metaspace       used 65232K, committed 66752K, reserved 1114112K
  class space    used 6677K, committed 7360K, reserved 1048576K
}
Event: 49.071 GC heap before
{Heap before GC invocations=694 (full 3):
 PSYoungGen      total 4096K, used 3980K [0x00000000d5580000, 0x00000000d5b00000, 0x0000000100000000)
  eden space 3584K, 100% used [0x00000000d5580000,0x00000000d5900000,0x00000000d5900000)
  from space 512K, 77% used [0x00000000d5980000,0x00000000d59e3008,0x00000000d5a00000)
  to   space 512K, 0% used [0x00000000d5900000,0x00000000d5900000,0x00000000d5980000)
 ParOldGen       total 443904K, used 443548K [0x0000000080000000, 0x000000009b180000, 0x00000000d5580000)
  object space 443904K, 99% used [0x0000000080000000,0x000000009b127108,0x000000009b180000)
 Metaspace       used 65232K, committed 66752K, reserved 1114112K
  class space    used 6677K, committed 7360K, reserved 1048576K
}
Event: 49.073 GC heap after
{Heap after GC invocations=694 (full 3):
 PSYoungGen      total 4096K, used 288K [0x00000000d5580000, 0x00000000d5a00000, 0x0000000100000000)
  eden space 3584K, 0% used [0x00000000d5580000,0x00000000d5580000,0x00000000d5900000)
  from space 512K, 56% used [0x00000000d5900000,0x00000000d5948000,0x00000000d5980000)
  to   space 512K, 0% used [0x00000000d5980000,0x00000000d5980000,0x00000000d5a00000)
 ParOldGen       total 443904K, used 443872K [0x0000000080000000, 0x000000009b180000, 0x00000000d5580000)
  object space 443904K, 99% used [0x0000000080000000,0x000000009b178110,0x000000009b180000)
 Metaspace       used 65232K, committed 66752K, reserved 1114112K
  class space    used 6677K, committed 7360K, reserved 1048576K
}
Event: 49.090 GC heap before
{Heap before GC invocations=695 (full 3):
 PSYoungGen      total 4096K, used 3857K [0x00000000d5580000, 0x00000000d5a00000, 0x0000000100000000)
  eden space 3584K, 99% used [0x00000000d5580000,0x00000000d58fc610,0x00000000d5900000)
  from space 512K, 56% used [0x00000000d5900000,0x00000000d5948000,0x00000000d5980000)
  to   space 512K, 0% used [0x00000000d5980000,0x00000000d5980000,0x00000000d5a00000)
 ParOldGen       total 443904K, used 443872K [0x0000000080000000, 0x000000009b180000, 0x00000000d5580000)
  object space 443904K, 99% used [0x0000000080000000,0x000000009b178110,0x000000009b180000)
 Metaspace       used 65232K, committed 66752K, reserved 1114112K
  class space    used 6677K, committed 7360K, reserved 1048576K
}
Event: 49.092 GC heap after
{Heap after GC invocations=695 (full 3):
 PSYoungGen      total 4096K, used 450K [0x00000000d5580000, 0x00000000d5a00000, 0x0000000100000000)
  eden space 3584K, 0% used [0x00000000d5580000,0x00000000d5580000,0x00000000d5900000)
  from space 512K, 87% used [0x00000000d5980000,0x00000000d59f09a8,0x00000000d5a00000)
  to   space 512K, 0% used [0x00000000d5900000,0x00000000d5900000,0x00000000d5980000)
 ParOldGen       total 444416K, used 444040K [0x0000000080000000, 0x000000009b200000, 0x00000000d5580000)
  object space 444416K, 99% used [0x0000000080000000,0x000000009b1a2110,0x000000009b200000)
 Metaspace       used 65232K, committed 66752K, reserved 1114112K
  class space    used 6677K, committed 7360K, reserved 1048576K
}
Event: 49.581 GC heap before
{Heap before GC invocations=696 (full 3):
 PSYoungGen      total 4096K, used 4034K [0x00000000d5580000, 0x00000000d5a00000, 0x0000000100000000)
  eden space 3584K, 100% used [0x00000000d5580000,0x00000000d5900000,0x00000000d5900000)
  from space 512K, 87% used [0x00000000d5980000,0x00000000d59f09a8,0x00000000d5a00000)
  to   space 512K, 0% used [0x00000000d5900000,0x00000000d5900000,0x00000000d5980000)
 ParOldGen       total 444416K, used 444062K [0x0000000080000000, 0x000000009b200000, 0x00000000d5580000)
  object space 444416K, 99% used [0x0000000080000000,0x000000009b1a7bf0,0x000000009b200000)
 Metaspace       used 65232K, committed 66752K, reserved 1114112K
  class space    used 6677K, committed 7360K, reserved 1048576K
}

